TN:
SF:src/LlamaLendConvexFactory.sol
DA:28,22
FN:28,LlamaLendConvexFactory.constructor
FNDA:22,LlamaLendConvexFactory.constructor
DA:34,22
DA:35,22
DA:36,22
DA:37,22
DA:48,0
FN:48,LlamaLendConvexFactory.newConvexLender
FNDA:0,LlamaLendConvexFactory.newConvexLender
DA:53,0
BRDA:53,0,0,-
BRDA:53,0,1,-
DA:57,0
DA:68,0
DA:70,0
DA:72,0
DA:74,0
DA:76,0
DA:78,0
DA:80,0
DA:87,0
FN:87,LlamaLendConvexFactory.isDeployedStrategy
FNDA:0,LlamaLendConvexFactory.isDeployedStrategy
DA:90,0
DA:91,0
DA:100,0
FN:100,LlamaLendConvexFactory.setAddresses
FNDA:0,LlamaLendConvexFactory.setAddresses
DA:105,0
BRDA:105,1,0,-
BRDA:105,1,1,-
DA:106,0
BRDA:106,2,0,-
BRDA:106,2,1,-
DA:110,0
DA:111,0
DA:112,0
FNF:4
FNH:1
LF:24
LH:5
BRF:6
BRH:0
end_of_record
TN:
SF:src/LlamaLendCurveFactory.sol
DA:36,22
FN:36,LlamaLendCurveFactory.constructor
FNDA:22,LlamaLendCurveFactory.constructor
DA:42,22
DA:43,22
DA:44,22
DA:45,22
DA:56,67
FN:56,LlamaLendCurveFactory.newCurveLender
FNDA:67,LlamaLendCurveFactory.newCurveLender
DA:61,67
BRDA:61,0,0,22
BRDA:61,0,1,45
DA:66,45
BRDA:66,1,0,23
BRDA:66,1,1,22
DA:71,22
DA:82,22
DA:84,22
DA:86,22
DA:88,22
DA:90,22
DA:92,22
DA:95,22
DA:97,22
DA:104,1
FN:104,LlamaLendCurveFactory.isDeployedStrategy
FNDA:1,LlamaLendCurveFactory.isDeployedStrategy
DA:107,1
DA:108,1
DA:117,0
FN:117,LlamaLendCurveFactory.setAddresses
FNDA:0,LlamaLendCurveFactory.setAddresses
DA:122,0
BRDA:122,2,0,-
BRDA:122,2,1,-
DA:123,0
BRDA:123,3,0,-
BRDA:123,3,1,-
DA:127,0
DA:128,0
DA:129,0
FNF:4
FNH:3
LF:26
LH:20
BRF:8
BRH:4
end_of_record
TN:
SF:src/StrategyLlamaLendConvex.sol
DA:65,0
FN:65,StrategyLlamaLendConvex.constructor
FNDA:0,StrategyLlamaLendConvex.constructor
DA:73,0
DA:76,0
DA:79,0
DA:86,0
DA:87,0
DA:88,0
DA:91,0
BRDA:91,0,0,-
BRDA:91,0,1,-
DA:94,0
DA:95,0
DA:102,0
FN:102,StrategyLlamaLendConvex.balanceOfStake
FNDA:0,StrategyLlamaLendConvex.balanceOfStake
DA:103,0
DA:106,0
FN:106,StrategyLlamaLendConvex._stake
FNDA:0,StrategyLlamaLendConvex._stake
DA:108,0
DA:111,0
FN:111,StrategyLlamaLendConvex._unStake
FNDA:0,StrategyLlamaLendConvex._unStake
DA:113,0
DA:116,0
FN:116,StrategyLlamaLendConvex.vaultsMaxWithdraw
FNDA:0,StrategyLlamaLendConvex.vaultsMaxWithdraw
DA:119,0
DA:120,0
DA:129,0
FN:129,StrategyLlamaLendConvex._tend
FNDA:0,StrategyLlamaLendConvex._tend
DA:130,0
DA:135,0
FN:135,StrategyLlamaLendConvex.claimRewards
FNDA:0,StrategyLlamaLendConvex.claimRewards
DA:136,0
DA:139,0
FN:139,StrategyLlamaLendConvex._claimRewards
FNDA:0,StrategyLlamaLendConvex._claimRewards
DA:140,0
DA:143,0
FN:143,StrategyLlamaLendConvex._claimAndSellRewards
FNDA:0,StrategyLlamaLendConvex._claimAndSellRewards
DA:145,0
DA:147,0
DA:148,0
DA:152,0
DA:153,0
DA:154,0
DA:155,0
DA:157,0
BRDA:157,1,0,-
DA:158,0
BRDA:158,2,0,-
DA:159,0
DA:167,0
FN:167,StrategyLlamaLendConvex._swapCrvToStable
FNDA:0,StrategyLlamaLendConvex._swapCrvToStable
DA:169,0
DA:170,0
DA:171,0
DA:174,0
FN:174,StrategyLlamaLendConvex.kickAuction
FNDA:0,StrategyLlamaLendConvex.kickAuction
DA:177,0
BRDA:177,3,0,-
BRDA:177,3,1,-
DA:178,0
DA:185,0
FN:185,StrategyLlamaLendConvex._kickAuction
FNDA:0,StrategyLlamaLendConvex._kickAuction
DA:186,0
BRDA:186,4,0,-
BRDA:186,4,1,-
DA:190,0
DA:191,0
DA:192,0
DA:195,0
FN:195,StrategyLlamaLendConvex.getAllRewardTokens
FNDA:0,StrategyLlamaLendConvex.getAllRewardTokens
DA:196,0
DA:199,0
FN:199,StrategyLlamaLendConvex.addRewardToken
FNDA:0,StrategyLlamaLendConvex.addRewardToken
DA:203,0
BRDA:203,5,0,-
BRDA:203,5,1,-
DA:209,0
BRDA:209,6,0,-
BRDA:209,6,1,-
DA:212,0
BRDA:212,7,0,-
BRDA:212,7,1,-
DA:214,0
DA:215,0
DA:218,0
BRDA:218,8,0,-
DA:219,0
DA:223,0
FN:223,StrategyLlamaLendConvex.removeRewardToken
FNDA:0,StrategyLlamaLendConvex.removeRewardToken
DA:224,0
DA:225,0
DA:226,0
DA:228,0
DA:229,0
BRDA:229,9,0,-
DA:230,0
DA:231,0
DA:234,0
DA:235,0
DA:238,0
BRDA:238,10,0,-
DA:239,0
DA:250,0
FN:250,StrategyLlamaLendConvex.setTradeFactory
FNDA:0,StrategyLlamaLendConvex.setTradeFactory
DA:251,0
DA:259,0
FN:259,StrategyLlamaLendConvex.setAuction
FNDA:0,StrategyLlamaLendConvex.setAuction
DA:260,0
BRDA:260,11,0,-
DA:261,0
BRDA:261,12,0,-
BRDA:261,12,1,-
DA:262,0
BRDA:262,13,0,-
BRDA:262,13,1,-
DA:267,0
DA:275,0
FN:275,StrategyLlamaLendConvex.setSwapType
FNDA:0,StrategyLlamaLendConvex.setSwapType
DA:280,0
BRDA:280,14,0,-
BRDA:280,14,1,-
DA:281,0
DA:289,0
FN:289,StrategyLlamaLendConvex.setMinOutBps
FNDA:0,StrategyLlamaLendConvex.setMinOutBps
DA:290,0
BRDA:290,15,0,-
BRDA:290,15,1,-
DA:291,0
BRDA:291,16,0,-
BRDA:291,16,1,-
DA:292,0
DA:305,0
FN:305,StrategyLlamaLendConvex.setMinAmountToSellMapping
FNDA:0,StrategyLlamaLendConvex.setMinAmountToSellMapping
DA:309,0
FNF:20
FNH:0
LF:86
LH:0
BRF:28
BRH:0
end_of_record
TN:
SF:src/StrategyLlamaLendCurve.sol
DA:69,22
FN:69,StrategyLlamaLendCurve.constructor
FNDA:22,StrategyLlamaLendCurve.constructor
DA:76,22
BRDA:76,0,0,-
BRDA:76,0,1,22
DA:77,22
DA:78,22
DA:79,22
DA:86,16
FN:86,StrategyLlamaLendCurve.balanceOfStake
FNDA:16,StrategyLlamaLendCurve.balanceOfStake
DA:87,4002
DA:90,1587
FN:90,StrategyLlamaLendCurve._stake
FNDA:1587,StrategyLlamaLendCurve._stake
DA:92,1587
DA:93,1587
DA:96,1321
FN:96,StrategyLlamaLendCurve._unStake
FNDA:1321,StrategyLlamaLendCurve._unStake
DA:98,1321
DA:101,2
FN:101,StrategyLlamaLendCurve.vaultsMaxWithdraw
FNDA:2,StrategyLlamaLendCurve.vaultsMaxWithdraw
DA:104,2920
DA:105,2920
DA:114,1
FN:114,StrategyLlamaLendCurve._tend
FNDA:1,StrategyLlamaLendCurve._tend
DA:115,1
DA:120,2
FN:120,StrategyLlamaLendCurve.claimRewards
FNDA:2,StrategyLlamaLendCurve.claimRewards
DA:121,2
DA:124,1065
FN:124,StrategyLlamaLendCurve._claimRewards
FNDA:1065,StrategyLlamaLendCurve._claimRewards
DA:125,1065
DA:126,1065
BRDA:126,1,0,1065
DA:127,1065
DA:131,0
BRDA:131,2,0,-
DA:134,0
DA:138,1063
FN:138,StrategyLlamaLendCurve._claimAndSellRewards
FNDA:1063,StrategyLlamaLendCurve._claimAndSellRewards
DA:140,1063
DA:142,1063
DA:143,1063
DA:147,1063
DA:148,1063
DA:149,1063
DA:150,1063
DA:152,1063
BRDA:152,3,0,1060
DA:153,1060
BRDA:153,4,0,2
DA:154,2
DA:160,2
FN:160,StrategyLlamaLendCurve._swapCrvToStable
FNDA:2,StrategyLlamaLendCurve._swapCrvToStable
DA:162,2
DA:163,2
DA:164,2
DA:167,2
FN:167,StrategyLlamaLendCurve.kickAuction
FNDA:2,StrategyLlamaLendCurve.kickAuction
DA:170,2
BRDA:170,5,0,1
BRDA:170,5,1,1
DA:171,1
DA:178,1
FN:178,StrategyLlamaLendCurve._kickAuction
FNDA:1,StrategyLlamaLendCurve._kickAuction
DA:179,1
BRDA:179,6,0,-
BRDA:179,6,1,1
DA:183,1
DA:184,1
DA:185,1
DA:188,2
FN:188,StrategyLlamaLendCurve.getAllRewardTokens
FNDA:2,StrategyLlamaLendCurve.getAllRewardTokens
DA:189,2
DA:192,111
FN:192,StrategyLlamaLendCurve.addRewardToken
FNDA:111,StrategyLlamaLendCurve.addRewardToken
DA:196,111
BRDA:196,7,0,44
BRDA:196,7,1,67
DA:202,67
BRDA:202,8,0,22
BRDA:202,8,1,45
DA:205,45
BRDA:205,9,0,22
BRDA:205,9,1,23
DA:207,23
DA:208,23
DA:211,23
BRDA:211,10,0,23
DA:212,23
DA:216,1
FN:216,StrategyLlamaLendCurve.removeRewardToken
FNDA:1,StrategyLlamaLendCurve.removeRewardToken
DA:217,1
DA:218,1
DA:219,1
DA:221,1
DA:222,2
BRDA:222,11,0,1
DA:223,1
DA:224,1
DA:227,1
DA:228,1
DA:231,1
BRDA:231,12,0,1
DA:232,1
DA:244,22
FN:244,StrategyLlamaLendCurve.setClaimFlags
FNDA:22,StrategyLlamaLendCurve.setClaimFlags
DA:248,22
DA:249,22
DA:257,22
FN:257,StrategyLlamaLendCurve.setTradeFactory
FNDA:22,StrategyLlamaLendCurve.setTradeFactory
DA:258,22
DA:266,3
FN:266,StrategyLlamaLendCurve.setAuction
FNDA:3,StrategyLlamaLendCurve.setAuction
DA:267,3
BRDA:267,13,0,3
DA:268,3
BRDA:268,14,0,1
BRDA:268,14,1,2
DA:269,2
BRDA:269,15,0,1
BRDA:269,15,1,1
DA:274,1
DA:282,4
FN:282,StrategyLlamaLendCurve.setSwapType
FNDA:4,StrategyLlamaLendCurve.setSwapType
DA:287,4
BRDA:287,16,0,1
BRDA:287,16,1,3
DA:288,3
DA:296,3
FN:296,StrategyLlamaLendCurve.setMinOutBps
FNDA:3,StrategyLlamaLendCurve.setMinOutBps
DA:297,3
BRDA:297,17,0,1
BRDA:297,17,1,2
DA:298,2
BRDA:298,18,0,1
BRDA:298,18,1,1
DA:299,1
DA:312,1
FN:312,StrategyLlamaLendCurve.setMinAmountToSellMapping
FNDA:1,StrategyLlamaLendCurve.setMinAmountToSellMapping
DA:316,1
FNF:21
FNH:21
LF:89
LH:87
BRF:30
BRH:27
end_of_record
TN:
SF:src/periphery/StrategyAprOracle.sol
DA:73,788
FN:73,LlamaLendOracle.aprAfterDebtChange
FNDA:788,LlamaLendOracle.aprAfterDebtChange
DA:77,788
DA:79,788
DA:81,788
DA:82,788
DA:85,788
DA:88,6
FN:88,LlamaLendOracle.getLendingApr
FNDA:6,LlamaLendOracle.getLendingApr
DA:92,794
DA:95,794
DA:96,794
BRDA:96,0,0,263
BRDA:96,0,1,531
DA:97,263
DA:99,531
DA:102,794
BRDA:102,1,0,-
DA:103,0
DA:110,794
DA:117,5
FN:117,LlamaLendOracle.getCrvApr
FNDA:5,LlamaLendOracle.getCrvApr
DA:122,793
DA:123,793
DA:124,793
DA:126,793
DA:129,793
BRDA:129,2,0,-
DA:131,0
DA:135,793
DA:136,793
DA:137,793
DA:138,793
DA:141,793
BRDA:141,3,0,263
BRDA:141,3,1,530
DA:142,263
DA:143,263
DA:145,530
DA:146,530
DA:149,793
DA:156,793
DA:158,793
DA:160,793
DA:164,793
DA:168,793
DA:173,793
BRDA:173,4,0,2
BRDA:173,4,1,791
DA:174,2
DA:176,791
DA:181,793
FNF:3
FNH:3
LF:41
LH:39
BRF:8
BRH:6
end_of_record
TN:
SF:src/periphery/StrategyAprOracleConvex.sol
DA:102,0
FN:102,LlamaLendConvexOracle.aprAfterDebtChange
FNDA:0,LlamaLendConvexOracle.aprAfterDebtChange
DA:106,0
DA:108,0
DA:110,0
DA:113,0
DA:116,0
FN:116,LlamaLendConvexOracle.getLendingApr
FNDA:0,LlamaLendConvexOracle.getLendingApr
DA:120,0
DA:123,0
DA:124,0
BRDA:124,0,0,-
BRDA:124,0,1,-
DA:125,0
DA:127,0
DA:130,0
BRDA:130,1,0,-
DA:131,0
DA:138,0
DA:145,0
FN:145,LlamaLendConvexOracle.getConvexApr
FNDA:0,LlamaLendConvexOracle.getConvexApr
DA:150,0
DA:151,0
DA:152,0
DA:153,0
DA:156,0
BRDA:156,2,0,-
BRDA:156,2,1,-
DA:157,0
DA:159,0
DA:163,0
DA:170,0
DA:178,0
DA:179,0
DA:182,0
BRDA:182,3,0,-
BRDA:182,3,1,-
DA:183,0
DA:186,0
DA:192,0
DA:194,0
DA:197,0
FN:197,LlamaLendConvexOracle.getCvxRate
FNDA:0,LlamaLendConvexOracle.getCvxRate
DA:201,0
DA:202,0
DA:204,0
DA:206,0
DA:208,0
DA:210,0
DA:211,0
DA:213,0
DA:215,0
DA:219,0
BRDA:219,4,0,-
DA:220,0
DA:222,0
DA:226,0
DA:229,0
DA:231,0
DA:233,0
BRDA:233,5,0,-
DA:234,0
DA:238,0
DA:242,0
FN:242,LlamaLendConvexOracle.getCrvApr
FNDA:0,LlamaLendConvexOracle.getCrvApr
DA:247,0
DA:248,0
DA:249,0
DA:254,0
DA:257,0
BRDA:257,6,0,-
DA:259,0
DA:263,0
DA:264,0
DA:265,0
DA:266,0
DA:269,0
BRDA:269,7,0,-
BRDA:269,7,1,-
DA:270,0
DA:271,0
DA:273,0
DA:274,0
DA:277,0
DA:284,0
DA:286,0
DA:288,0
DA:292,0
DA:296,0
DA:301,0
BRDA:301,8,0,-
BRDA:301,8,1,-
DA:302,0
DA:304,0
DA:309,0
FNF:5
FNH:0
LF:76
LH:0
BRF:14
BRH:0
end_of_record
TN:
SF:src/test/utils/ExtendedTest.sol
DA:8,0
FN:8,ExtendedTest.assertNeq
FNDA:0,ExtendedTest.assertNeq
DA:9,0
BRDA:9,0,0,-
DA:10,0
DA:11,0
DA:12,0
DA:13,0
DA:21,0
FN:21,ExtendedTest.assertRelApproxEq
FNDA:0,ExtendedTest.assertRelApproxEq
DA:26,0
DA:27,0
DA:29,0
BRDA:29,1,0,-
DA:30,0
DA:31,0
DA:32,0
DA:33,0
DA:34,0
DA:35,0
DA:41,0
FN:41,ExtendedTest.assertApproxEq
FNDA:0,ExtendedTest.assertApproxEq
DA:46,0
BRDA:46,2,0,-
BRDA:46,2,1,-
DA:47,0
BRDA:47,3,0,-
DA:48,0
DA:49,0
DA:50,0
DA:51,0
DA:54,0
BRDA:54,4,0,-
DA:55,0
DA:56,0
DA:57,0
DA:58,0
DA:64,0
FN:64,ExtendedTest.assertApproxEq
FNDA:0,ExtendedTest.assertApproxEq
DA:70,0
BRDA:70,5,0,-
BRDA:70,5,1,-
DA:71,0
BRDA:71,6,0,-
DA:72,0
DA:73,0
DA:74,0
DA:75,0
DA:78,0
BRDA:78,7,0,-
DA:79,0
DA:80,0
DA:81,0
DA:82,0
FNF:4
FNH:0
LF:40
LH:0
BRF:10
BRH:0
end_of_record
TN:
SF:src/test/utils/Setup.sol
DA:122,22
FN:122,Setup.setUp
FNDA:22,Setup.setUp
DA:123,22
DA:126,22
DA:129,22
DA:134,22
DA:145,22
DA:150,22
DA:156,22
DA:164,22
BRDA:164,0,0,22
DA:165,22
DA:168,22
BRDA:168,1,0,22
BRDA:168,1,1,-
DA:170,22
DA:171,22
DA:172,22
DA:175,22
BRDA:175,2,0,22
DA:177,22
DA:178,22
DA:179,22
DA:186,22
DA:189,22
DA:194,22
DA:195,22
DA:196,22
DA:198,22
DA:201,22
DA:202,22
DA:207,22
DA:209,0
BRDA:209,3,0,-
BRDA:209,3,1,-
DA:211,0
DA:212,0
DA:213,0
DA:214,0
BRDA:214,4,0,-
BRDA:214,4,1,-
DA:216,0
DA:217,0
DA:218,0
DA:219,0
DA:220,0
DA:221,0
DA:224,0
DA:225,0
DA:226,0
DA:227,0
DA:228,0
BRDA:228,5,0,-
BRDA:228,5,1,-
DA:230,0
DA:231,0
DA:232,0
DA:235,0
DA:236,0
DA:237,0
BRDA:237,6,0,-
BRDA:237,6,1,-
DA:239,0
DA:240,0
DA:241,0
DA:244,0
DA:245,0
DA:246,0
BRDA:246,7,0,-
BRDA:246,7,1,-
DA:248,0
DA:249,0
DA:250,0
DA:251,0
DA:252,0
BRDA:252,8,0,-
BRDA:252,8,1,-
DA:254,0
DA:255,0
DA:256,0
DA:257,0
DA:258,0
BRDA:258,9,0,-
BRDA:258,9,1,-
DA:260,0
DA:261,0
DA:262,0
DA:263,0
BRDA:263,10,0,-
DA:265,0
DA:266,0
DA:267,0
DA:268,0
DA:272,22
DA:273,22
DA:276,22
DA:279,22
BRDA:279,11,0,22
BRDA:279,11,1,-
DA:281,22
BRDA:281,12,0,22
BRDA:281,12,1,-
DA:283,22
DA:284,22
DA:285,0
BRDA:285,13,0,-
BRDA:285,13,1,-
DA:287,0
DA:288,0
DA:289,0
BRDA:289,14,0,-
BRDA:289,14,1,-
DA:291,0
DA:292,0
DA:293,0
BRDA:293,15,0,-
BRDA:293,15,1,-
DA:295,0
DA:296,0
DA:297,0
BRDA:297,16,0,-
BRDA:297,16,1,-
DA:299,0
DA:300,0
DA:301,0
BRDA:301,17,0,-
BRDA:301,17,1,-
DA:303,0
DA:304,0
DA:305,0
BRDA:305,18,0,-
BRDA:305,18,1,-
DA:307,0
DA:308,0
DA:309,0
BRDA:309,19,0,-
BRDA:309,19,1,-
DA:311,0
DA:312,0
DA:313,0
BRDA:313,20,0,-
DA:315,0
DA:316,0
DA:320,0
DA:323,0
DA:325,0
BRDA:325,21,0,-
DA:326,0
DA:331,22
DA:332,22
DA:335,22
DA:336,22
DA:337,22
DA:338,22
DA:339,22
DA:340,22
DA:341,22
DA:342,22
DA:343,22
DA:346,0
FN:346,Setup.causeMaxUtil
FNDA:0,Setup.causeMaxUtil
DA:347,5
DA:350,5
BRDA:350,22,0,5
DA:351,5
DA:352,5
BRDA:352,23,0,5
BRDA:352,23,1,-
DA:354,5
DA:355,0
BRDA:355,24,0,-
BRDA:355,24,1,-
DA:357,0
DA:358,0
BRDA:358,25,0,-
DA:360,0
DA:362,5
DA:363,5
DA:364,5
DA:365,5
DA:370,5
DA:371,5
DA:372,5
DA:376,0
FN:376,Setup.setUpStrategy
FNDA:0,Setup.setUpStrategy
DA:377,22
DA:378,0
BRDA:378,26,0,-
BRDA:378,26,1,22
DA:380,0
DA:381,0
DA:388,0
DA:391,22
DA:392,22
DA:399,22
DA:402,22
DA:403,22
DA:406,22
DA:407,22
DA:409,22
DA:412,0
FN:412,Setup.setUpTradeFactory
FNDA:0,Setup.setUpTradeFactory
DA:413,22
DA:414,22
DA:418,22
DA:419,22
DA:422,22
DA:425,22
DA:426,22
DA:432,22
DA:433,22
DA:434,22
DA:435,22
DA:437,0
BRDA:437,27,0,-
DA:438,0
DA:444,0
BRDA:444,28,0,-
DA:446,0
DA:451,22
DA:454,0
FN:454,Setup.setUpProxy
FNDA:0,Setup.setUpProxy
DA:473,22
DA:474,22
DA:477,0
FN:477,Setup.simulateTradeFactory
FNDA:0,Setup.simulateTradeFactory
DA:479,4
DA:480,0
BRDA:480,30,0,-
DA:482,0
DA:486,4
BRDA:486,31,0,-
DA:487,0
DA:493,0
DA:494,0
DA:499,0
DA:500,0
DA:504,4
DA:507,4
BRDA:507,32,0,2
DA:508,2
DA:513,2
DA:514,2
DA:515,2
DA:516,2
DA:520,4
DA:523,4
BRDA:523,33,0,-
DA:524,0
DA:529,0
DA:530,0
DA:531,0
DA:532,0
DA:536,4
DA:537,4
DA:538,4
DA:541,0
FN:541,Setup.depositIntoStrategy
FNDA:0,Setup.depositIntoStrategy
DA:546,1586
DA:547,1586
DA:549,1586
DA:550,1586
DA:553,0
FN:553,Setup.mintAndDepositIntoStrategy
FNDA:0,Setup.mintAndDepositIntoStrategy
DA:558,1586
DA:559,1586
DA:563,0
FN:563,Setup.checkStrategyTotals
FNDA:0,Setup.checkStrategyTotals
DA:569,0
DA:570,0
DA:573,0
DA:574,0
DA:575,0
DA:576,0
DA:577,0
DA:578,0
DA:581,0
FN:581,Setup.airdrop
FNDA:0,Setup.airdrop
DA:582,2115
DA:583,2115
DA:586,0
FN:586,Setup.setFees
FNDA:0,Setup.setFees
DA:587,526
DA:590,526
DA:591,526
DA:593,526
DA:594,526
DA:596,526
DA:597,526
DA:600,22
FN:600,Setup._setTokenAddrs
FNDA:22,Setup._setTokenAddrs
DA:601,22
DA:602,22
DA:603,22
DA:604,22
DA:605,22
DA:606,22
DA:607,22
DA:608,22
FNF:12
FNH:2
LF:234
LH:118
BRF:53
BRH:9
end_of_record
