TN:
SF:src/LlamaLendConvexFactory.sol
DA:28,19
FN:28,LlamaLendConvexFactory.constructor
FNDA:19,LlamaLendConvexFactory.constructor
DA:34,19
DA:35,19
DA:36,19
DA:37,19
DA:48,19
FN:48,LlamaLendConvexFactory.newConvexLender
FNDA:19,LlamaLendConvexFactory.newConvexLender
DA:53,19
BRDA:53,0,0,-
BRDA:53,0,1,19
DA:57,19
DA:68,19
DA:70,19
DA:72,19
DA:74,19
DA:76,19
DA:78,19
DA:80,19
DA:87,1
FN:87,LlamaLendConvexFactory.isDeployedStrategy
FNDA:1,LlamaLendConvexFactory.isDeployedStrategy
DA:90,1
DA:91,1
DA:100,0
FN:100,LlamaLendConvexFactory.setAddresses
FNDA:0,LlamaLendConvexFactory.setAddresses
DA:105,0
BRDA:105,1,0,-
BRDA:105,1,1,-
DA:106,0
BRDA:106,2,0,-
BRDA:106,2,1,-
DA:110,0
DA:111,0
DA:112,0
FNF:4
FNH:3
LF:24
LH:18
BRF:6
BRH:1
end_of_record
TN:
SF:src/LlamaLendCurveFactory.sol
DA:36,19
FN:36,LlamaLendCurveFactory.constructor
FNDA:19,LlamaLendCurveFactory.constructor
DA:42,19
DA:43,19
DA:44,19
DA:45,19
DA:56,0
FN:56,LlamaLendCurveFactory.newCurveLender
FNDA:0,LlamaLendCurveFactory.newCurveLender
DA:61,0
BRDA:61,0,0,-
BRDA:61,0,1,-
DA:66,0
DA:68,0
BRDA:68,1,0,-
BRDA:68,1,1,-
DA:73,0
DA:84,0
DA:86,0
DA:88,0
DA:90,0
DA:92,0
DA:94,0
DA:97,0
DA:99,0
DA:106,0
FN:106,LlamaLendCurveFactory.isDeployedStrategy
FNDA:0,LlamaLendCurveFactory.isDeployedStrategy
DA:109,0
DA:110,0
DA:119,0
FN:119,LlamaLendCurveFactory.setAddresses
FNDA:0,LlamaLendCurveFactory.setAddresses
DA:124,0
BRDA:124,2,0,-
BRDA:124,2,1,-
DA:125,0
BRDA:125,3,0,-
BRDA:125,3,1,-
DA:129,0
DA:130,0
DA:131,0
FNF:4
FNH:1
LF:27
LH:5
BRF:8
BRH:0
end_of_record
TN:
SF:src/StrategyCrvusdRouterL2.sol
DA:20,0
FN:20,StrategyLlamaLendCurveL2.constructor
FNDA:0,StrategyLlamaLendCurveL2.constructor
DA:26,0
BRDA:26,0,0,-
BRDA:26,0,1,-
DA:27,0
DA:35,0
FN:35,StrategyLlamaLendCurveL2.balanceOfStake
FNDA:0,StrategyLlamaLendCurveL2.balanceOfStake
DA:36,0
DA:39,0
FN:39,StrategyLlamaLendCurveL2._stake
FNDA:0,StrategyLlamaLendCurveL2._stake
DA:41,0
DA:44,0
FN:44,StrategyLlamaLendCurveL2._unStake
FNDA:0,StrategyLlamaLendCurveL2._unStake
DA:46,0
DA:49,0
FN:49,StrategyLlamaLendCurveL2.vaultsMaxWithdraw
FNDA:0,StrategyLlamaLendCurveL2.vaultsMaxWithdraw
DA:52,0
DA:53,0
DA:63,0
FN:63,StrategyLlamaLendCurveL2.claimRewards
FNDA:0,StrategyLlamaLendCurveL2.claimRewards
DA:64,0
DA:67,0
FN:67,StrategyLlamaLendCurveL2._claimRewards
FNDA:0,StrategyLlamaLendCurveL2._claimRewards
DA:69,0
DA:77,0
FN:77,StrategyLlamaLendCurveL2.addToken
FNDA:0,StrategyLlamaLendCurveL2.addToken
DA:78,0
BRDA:78,1,0,-
BRDA:78,1,1,-
DA:82,0
DA:90,0
FN:90,StrategyLlamaLendCurveL2.removeToken
FNDA:0,StrategyLlamaLendCurveL2.removeToken
DA:91,0
DA:99,0
FN:99,StrategyLlamaLendCurveL2.setTradeFactory
FNDA:0,StrategyLlamaLendCurveL2.setTradeFactory
DA:100,0
FNF:10
FNH:0
LF:23
LH:0
BRF:4
BRH:0
end_of_record
TN:
SF:src/StrategyLlamaLendConvex.sol
DA:65,19
FN:65,StrategyLlamaLendConvex.constructor
FNDA:19,StrategyLlamaLendConvex.constructor
DA:73,19
DA:76,19
DA:79,19
DA:86,19
DA:87,19
DA:88,19
DA:91,19
BRDA:91,0,0,-
BRDA:91,0,1,19
DA:94,19
DA:95,19
DA:101,188
FN:101,StrategyLlamaLendConvex.balanceOfStake
FNDA:188,StrategyLlamaLendConvex.balanceOfStake
DA:102,4199
DA:105,1598
FN:105,StrategyLlamaLendConvex._stake
FNDA:1598,StrategyLlamaLendConvex._stake
DA:107,1598
DA:110,1333
FN:110,StrategyLlamaLendConvex._unStake
FNDA:1333,StrategyLlamaLendConvex._unStake
DA:112,1333
DA:115,0
FN:115,StrategyLlamaLendConvex.vaultsMaxWithdraw
FNDA:0,StrategyLlamaLendConvex.vaultsMaxWithdraw
DA:118,2938
DA:119,2938
DA:129,1
FN:129,StrategyLlamaLendConvex.claimRewards
FNDA:1,StrategyLlamaLendConvex.claimRewards
DA:130,1
DA:133,1072
FN:133,StrategyLlamaLendConvex._claimRewards
FNDA:1072,StrategyLlamaLendConvex._claimRewards
DA:134,1072
DA:137,1071
FN:137,StrategyLlamaLendConvex._claimAndSellRewards
FNDA:1071,StrategyLlamaLendConvex._claimAndSellRewards
DA:139,1071
DA:141,1071
DA:142,1071
DA:146,1071
DA:147,2142
DA:148,2142
DA:149,2142
DA:151,2142
BRDA:151,1,0,1721
DA:152,1721
BRDA:152,2,0,2
DA:153,2
DA:159,2
FN:159,StrategyLlamaLendConvex._swapCrvToStable
FNDA:2,StrategyLlamaLendConvex._swapCrvToStable
DA:161,2
DA:162,2
DA:163,2
DA:166,2
FN:166,StrategyLlamaLendConvex.kickAuction
FNDA:2,StrategyLlamaLendConvex.kickAuction
DA:169,2
BRDA:169,3,0,1
BRDA:169,3,1,1
DA:170,1
DA:177,1
FN:177,StrategyLlamaLendConvex._kickAuction
FNDA:1,StrategyLlamaLendConvex._kickAuction
DA:178,1
BRDA:178,4,0,-
BRDA:178,4,1,1
DA:182,1
DA:183,1
DA:184,1
DA:187,0
FN:187,StrategyLlamaLendConvex.getAllRewardTokens
FNDA:0,StrategyLlamaLendConvex.getAllRewardTokens
DA:188,0
DA:191,114
FN:191,StrategyLlamaLendConvex.addRewardToken
FNDA:114,StrategyLlamaLendConvex.addRewardToken
DA:195,114
BRDA:195,5,0,38
BRDA:195,5,1,76
DA:201,76
BRDA:201,6,0,19
BRDA:201,6,1,57
DA:204,57
BRDA:204,7,0,19
BRDA:204,7,1,38
DA:206,38
DA:207,38
DA:210,38
BRDA:210,8,0,38
DA:211,38
DA:215,0
FN:215,StrategyLlamaLendConvex.removeRewardToken
FNDA:0,StrategyLlamaLendConvex.removeRewardToken
DA:216,0
DA:217,0
DA:218,0
DA:220,0
DA:221,0
BRDA:221,9,0,-
DA:222,0
DA:223,0
DA:226,0
DA:227,0
DA:230,0
BRDA:230,10,0,-
DA:231,0
DA:242,19
FN:242,StrategyLlamaLendConvex.setTradeFactory
FNDA:19,StrategyLlamaLendConvex.setTradeFactory
DA:243,19
DA:246,3
FN:246,StrategyLlamaLendConvex.setAuction
FNDA:3,StrategyLlamaLendConvex.setAuction
DA:247,3
BRDA:247,11,0,3
DA:248,3
BRDA:248,12,0,1
BRDA:248,12,1,2
DA:249,2
BRDA:249,13,0,1
BRDA:249,13,1,1
DA:254,1
DA:262,4
FN:262,StrategyLlamaLendConvex.setSwapType
FNDA:4,StrategyLlamaLendConvex.setSwapType
DA:267,4
BRDA:267,14,0,1
BRDA:267,14,1,3
DA:268,3
DA:276,3
FN:276,StrategyLlamaLendConvex.setMinOutBps
FNDA:3,StrategyLlamaLendConvex.setMinOutBps
DA:277,3
BRDA:277,15,0,1
BRDA:277,15,1,2
DA:278,2
BRDA:278,16,0,1
BRDA:278,16,1,1
DA:279,1
DA:292,1
FN:292,StrategyLlamaLendConvex.setMinAmountToSellMapping
FNDA:1,StrategyLlamaLendConvex.setMinAmountToSellMapping
DA:296,1
FNF:19
FNH:16
LF:84
LH:69
BRF:28
BRH:24
end_of_record
TN:
SF:src/StrategyLlamaLendCurve.sol
DA:72,0
FN:72,StrategyLlamaLendCurve.constructor
FNDA:0,StrategyLlamaLendCurve.constructor
DA:79,0
BRDA:79,0,0,-
BRDA:79,0,1,-
DA:80,0
DA:81,0
DA:82,0
DA:88,0
FN:88,StrategyLlamaLendCurve.balanceOfStake
FNDA:0,StrategyLlamaLendCurve.balanceOfStake
DA:89,0
DA:92,0
FN:92,StrategyLlamaLendCurve._stake
FNDA:0,StrategyLlamaLendCurve._stake
DA:94,0
DA:95,0
DA:98,0
FN:98,StrategyLlamaLendCurve._unStake
FNDA:0,StrategyLlamaLendCurve._unStake
DA:100,0
DA:103,0
FN:103,StrategyLlamaLendCurve.vaultsMaxWithdraw
FNDA:0,StrategyLlamaLendCurve.vaultsMaxWithdraw
DA:106,0
DA:107,0
DA:117,0
FN:117,StrategyLlamaLendCurve.claimRewards
FNDA:0,StrategyLlamaLendCurve.claimRewards
DA:118,0
DA:121,0
FN:121,StrategyLlamaLendCurve._claimRewards
FNDA:0,StrategyLlamaLendCurve._claimRewards
DA:122,0
DA:123,0
BRDA:123,1,0,-
DA:124,0
DA:128,0
BRDA:128,2,0,-
DA:131,0
DA:135,0
FN:135,StrategyLlamaLendCurve._claimAndSellRewards
FNDA:0,StrategyLlamaLendCurve._claimAndSellRewards
DA:137,0
DA:139,0
DA:140,0
DA:144,0
DA:145,0
DA:146,0
DA:147,0
DA:149,0
BRDA:149,3,0,-
DA:150,0
BRDA:150,4,0,-
DA:151,0
DA:157,0
FN:157,StrategyLlamaLendCurve._swapCrvToStable
FNDA:0,StrategyLlamaLendCurve._swapCrvToStable
DA:159,0
DA:160,0
DA:161,0
DA:164,0
FN:164,StrategyLlamaLendCurve.kickAuction
FNDA:0,StrategyLlamaLendCurve.kickAuction
DA:167,0
BRDA:167,5,0,-
BRDA:167,5,1,-
DA:168,0
DA:175,0
FN:175,StrategyLlamaLendCurve._kickAuction
FNDA:0,StrategyLlamaLendCurve._kickAuction
DA:176,0
BRDA:176,6,0,-
BRDA:176,6,1,-
DA:180,0
DA:181,0
DA:182,0
DA:185,0
FN:185,StrategyLlamaLendCurve.getAllRewardTokens
FNDA:0,StrategyLlamaLendCurve.getAllRewardTokens
DA:186,0
DA:189,0
FN:189,StrategyLlamaLendCurve.addRewardToken
FNDA:0,StrategyLlamaLendCurve.addRewardToken
DA:193,0
BRDA:193,7,0,-
BRDA:193,7,1,-
DA:199,0
BRDA:199,8,0,-
BRDA:199,8,1,-
DA:202,0
BRDA:202,9,0,-
BRDA:202,9,1,-
DA:204,0
DA:205,0
DA:208,0
BRDA:208,10,0,-
DA:209,0
DA:213,0
FN:213,StrategyLlamaLendCurve.removeRewardToken
FNDA:0,StrategyLlamaLendCurve.removeRewardToken
DA:214,0
DA:215,0
DA:216,0
DA:218,0
DA:219,0
BRDA:219,11,0,-
DA:220,0
DA:221,0
DA:224,0
DA:225,0
DA:228,0
BRDA:228,12,0,-
DA:229,0
DA:241,0
FN:241,StrategyLlamaLendCurve.setClaimFlags
FNDA:0,StrategyLlamaLendCurve.setClaimFlags
DA:245,0
DA:246,0
DA:254,0
FN:254,StrategyLlamaLendCurve.setProxy
FNDA:0,StrategyLlamaLendCurve.setProxy
DA:255,0
BRDA:255,13,0,-
BRDA:255,13,1,-
DA:256,0
DA:264,0
FN:264,StrategyLlamaLendCurve.setTradeFactory
FNDA:0,StrategyLlamaLendCurve.setTradeFactory
DA:265,0
DA:268,0
FN:268,StrategyLlamaLendCurve.setAuction
FNDA:0,StrategyLlamaLendCurve.setAuction
DA:269,0
BRDA:269,14,0,-
DA:270,0
BRDA:270,15,0,-
BRDA:270,15,1,-
DA:271,0
BRDA:271,16,0,-
BRDA:271,16,1,-
DA:276,0
DA:284,0
FN:284,StrategyLlamaLendCurve.setSwapType
FNDA:0,StrategyLlamaLendCurve.setSwapType
DA:289,0
BRDA:289,17,0,-
BRDA:289,17,1,-
DA:290,0
DA:298,0
FN:298,StrategyLlamaLendCurve.setMinOutBps
FNDA:0,StrategyLlamaLendCurve.setMinOutBps
DA:299,0
BRDA:299,18,0,-
BRDA:299,18,1,-
DA:300,0
BRDA:300,19,0,-
BRDA:300,19,1,-
DA:301,0
DA:314,0
FN:314,StrategyLlamaLendCurve.setMinAmountToSellMapping
FNDA:0,StrategyLlamaLendCurve.setMinAmountToSellMapping
DA:318,0
FNF:21
FNH:0
LF:90
LH:0
BRF:32
BRH:0
end_of_record
TN:
SF:src/periphery/StrategyAprOracle.sol
DA:73,0
FN:73,LlamaLendOracle.aprAfterDebtChange
FNDA:0,LlamaLendOracle.aprAfterDebtChange
DA:77,0
DA:79,0
DA:81,0
DA:82,0
DA:85,0
DA:88,0
FN:88,LlamaLendOracle.getLendingApr
FNDA:0,LlamaLendOracle.getLendingApr
DA:92,0
DA:95,0
DA:96,0
BRDA:96,0,0,-
BRDA:96,0,1,-
DA:97,0
DA:99,0
DA:102,0
BRDA:102,1,0,-
DA:103,0
DA:110,0
DA:117,0
FN:117,LlamaLendOracle.getCrvApr
FNDA:0,LlamaLendOracle.getCrvApr
DA:122,0
DA:123,0
DA:124,0
DA:129,0
DA:132,0
BRDA:132,2,0,-
DA:134,0
DA:138,0
DA:139,0
DA:140,0
DA:141,0
DA:144,0
BRDA:144,3,0,-
BRDA:144,3,1,-
DA:145,0
DA:146,0
DA:148,0
DA:149,0
DA:152,0
DA:159,0
DA:161,0
DA:163,0
DA:167,0
DA:171,0
DA:176,0
BRDA:176,4,0,-
BRDA:176,4,1,-
DA:177,0
DA:179,0
DA:184,0
FNF:3
FNH:0
LF:41
LH:0
BRF:8
BRH:0
end_of_record
TN:
SF:src/periphery/StrategyAprOracleConvex.sol
DA:102,788
FN:102,LlamaLendConvexOracle.aprAfterDebtChange
FNDA:788,LlamaLendConvexOracle.aprAfterDebtChange
DA:106,788
DA:108,788
DA:110,788
DA:113,788
DA:116,6
FN:116,LlamaLendConvexOracle.getLendingApr
FNDA:6,LlamaLendConvexOracle.getLendingApr
DA:120,794
DA:123,794
DA:124,794
BRDA:124,0,0,263
BRDA:124,0,1,531
DA:125,263
DA:127,531
DA:130,794
BRDA:130,1,0,-
DA:131,0
DA:138,794
DA:145,8
FN:145,LlamaLendConvexOracle.getConvexApr
FNDA:8,LlamaLendConvexOracle.getConvexApr
DA:150,796
DA:151,796
DA:152,796
DA:157,796
DA:160,796
BRDA:160,2,0,263
BRDA:160,2,1,533
DA:161,263
DA:163,533
DA:167,796
DA:174,796
DA:182,796
DA:183,796
DA:186,796
BRDA:186,3,0,796
BRDA:186,3,1,-
DA:187,796
DA:190,796
DA:196,0
DA:198,796
DA:201,0
FN:201,LlamaLendConvexOracle.getCvxRate
FNDA:0,LlamaLendConvexOracle.getCvxRate
DA:205,796
DA:206,796
DA:208,796
DA:210,796
DA:212,796
DA:214,796
DA:215,796
DA:217,796
DA:219,796
DA:223,796
BRDA:223,4,0,796
DA:224,796
DA:226,796
DA:230,796
DA:233,796
DA:235,796
DA:237,796
BRDA:237,5,0,-
DA:238,0
DA:242,796
DA:246,0
FN:246,LlamaLendConvexOracle.getCrvApr
FNDA:0,LlamaLendConvexOracle.getCrvApr
DA:251,0
DA:252,0
DA:253,0
DA:258,0
DA:261,0
BRDA:261,6,0,-
DA:263,0
DA:267,0
DA:268,0
DA:269,0
DA:270,0
DA:273,0
BRDA:273,7,0,-
BRDA:273,7,1,-
DA:274,0
DA:275,0
DA:277,0
DA:278,0
DA:281,0
DA:288,0
DA:290,0
DA:292,0
DA:296,0
DA:300,0
DA:305,0
BRDA:305,8,0,-
BRDA:305,8,1,-
DA:306,0
DA:308,0
DA:313,0
FNF:5
FNH:3
LF:76
LH:46
BRF:14
BRH:6
end_of_record
TN:
SF:src/periphery/StrategyAprOracleL2.sol
DA:73,0
FN:73,SimpleLlamaLendOracleL2.aprAfterDebtChange
FNDA:0,SimpleLlamaLendOracleL2.aprAfterDebtChange
DA:77,0
DA:79,0
DA:81,0
DA:82,0
DA:85,0
DA:88,0
FN:88,SimpleLlamaLendOracleL2.getLendingApr
FNDA:0,SimpleLlamaLendOracleL2.getLendingApr
DA:92,0
DA:95,0
DA:96,0
BRDA:96,0,0,-
BRDA:96,0,1,-
DA:97,0
DA:99,0
DA:106,0
DA:113,0
FN:113,SimpleLlamaLendOracleL2.getCrvApr
FNDA:0,SimpleLlamaLendOracleL2.getCrvApr
DA:118,0
DA:119,0
DA:120,0
DA:125,0
DA:128,0
BRDA:128,1,0,-
DA:130,0
DA:134,0
DA:135,0
DA:136,0
DA:137,0
DA:140,0
BRDA:140,2,0,-
BRDA:140,2,1,-
DA:141,0
DA:142,0
DA:144,0
DA:145,0
DA:148,0
DA:155,0
DA:157,0
DA:159,0
DA:163,0
DA:167,0
DA:172,0
BRDA:172,3,0,-
BRDA:172,3,1,-
DA:173,0
DA:175,0
DA:180,0
FNF:3
FNH:0
LF:39
LH:0
BRF:7
BRH:0
end_of_record
TN:
SF:src/test/utils/ExtendedTest.sol
DA:8,0
FN:8,ExtendedTest.assertNeq
FNDA:0,ExtendedTest.assertNeq
DA:9,0
BRDA:9,0,0,-
DA:10,0
DA:11,0
DA:12,0
DA:13,0
DA:21,0
FN:21,ExtendedTest.assertRelApproxEq
FNDA:0,ExtendedTest.assertRelApproxEq
DA:26,0
DA:27,0
DA:29,0
BRDA:29,1,0,-
DA:30,0
DA:31,0
DA:32,0
DA:33,0
DA:34,0
DA:35,0
DA:41,0
FN:41,ExtendedTest.assertApproxEq
FNDA:0,ExtendedTest.assertApproxEq
DA:46,0
BRDA:46,2,0,-
BRDA:46,2,1,-
DA:47,0
BRDA:47,3,0,-
DA:48,0
DA:49,0
DA:50,0
DA:51,0
DA:54,0
BRDA:54,4,0,-
DA:55,0
DA:56,0
DA:57,0
DA:58,0
DA:64,0
FN:64,ExtendedTest.assertApproxEq
FNDA:0,ExtendedTest.assertApproxEq
DA:70,0
BRDA:70,5,0,-
BRDA:70,5,1,-
DA:71,0
BRDA:71,6,0,-
DA:72,0
DA:73,0
DA:74,0
DA:75,0
DA:78,0
BRDA:78,7,0,-
DA:79,0
DA:80,0
DA:81,0
DA:82,0
FNF:4
FNH:0
LF:40
LH:0
BRF:10
BRH:0
end_of_record
TN:
SF:src/test/utils/Setup.sol
DA:121,19
FN:121,Setup.setUp
FNDA:19,Setup.setUp
DA:122,19
DA:125,19
DA:128,19
DA:133,19
DA:134,19
DA:139,19
DA:145,19
DA:153,19
BRDA:153,0,0,-
DA:154,0
DA:157,19
BRDA:157,1,0,19
BRDA:157,1,1,-
DA:159,19
DA:160,19
DA:161,19
DA:164,19
BRDA:164,2,0,-
DA:166,0
DA:167,0
DA:168,0
DA:175,0
DA:178,0
DA:183,0
DA:184,0
DA:185,0
DA:187,0
DA:190,0
DA:191,0
DA:196,0
DA:198,0
BRDA:198,3,0,-
BRDA:198,3,1,-
DA:200,0
DA:201,0
DA:202,0
DA:203,0
BRDA:203,4,0,-
BRDA:203,4,1,-
DA:205,0
DA:206,0
DA:207,0
DA:208,0
DA:209,0
DA:212,0
DA:213,0
DA:214,0
DA:215,0
DA:216,0
BRDA:216,5,0,-
BRDA:216,5,1,-
DA:218,0
DA:219,0
DA:220,0
DA:223,0
DA:224,0
DA:225,0
BRDA:225,6,0,-
BRDA:225,6,1,-
DA:227,0
DA:228,0
DA:229,0
DA:232,0
DA:233,0
DA:234,0
BRDA:234,7,0,-
BRDA:234,7,1,-
DA:236,0
DA:237,0
DA:238,0
DA:239,0
BRDA:239,8,0,-
DA:241,0
DA:242,0
DA:243,0
DA:247,19
DA:248,19
DA:251,19
DA:254,19
BRDA:254,9,0,-
BRDA:254,9,1,19
DA:256,0
BRDA:256,10,0,-
BRDA:256,10,1,-
DA:258,0
DA:259,0
DA:260,0
BRDA:260,11,0,-
BRDA:260,11,1,-
DA:262,0
DA:263,0
DA:264,0
BRDA:264,12,0,-
BRDA:264,12,1,-
DA:266,0
DA:267,0
DA:268,0
BRDA:268,13,0,-
BRDA:268,13,1,-
DA:270,0
DA:271,0
DA:272,0
BRDA:272,14,0,-
BRDA:272,14,1,-
DA:274,0
DA:275,0
DA:276,0
BRDA:276,15,0,-
BRDA:276,15,1,-
DA:278,0
DA:279,0
DA:280,0
BRDA:280,16,0,-
DA:282,0
DA:283,0
DA:287,19
DA:288,19
DA:292,19
DA:293,19
DA:296,19
DA:297,19
DA:298,19
DA:299,19
DA:300,19
DA:301,19
DA:302,19
DA:303,19
DA:304,19
DA:307,0
FN:307,Setup.causeMaxUtil
FNDA:0,Setup.causeMaxUtil
DA:308,3
DA:311,3
BRDA:311,17,0,3
DA:312,3
DA:313,3
BRDA:313,18,0,3
BRDA:313,18,1,-
DA:315,3
DA:316,0
BRDA:316,19,0,-
BRDA:316,19,1,-
DA:318,0
DA:319,0
BRDA:319,20,0,-
DA:321,0
DA:323,3
DA:324,3
DA:325,3
DA:326,3
DA:331,3
DA:332,3
DA:333,3
DA:337,0
FN:337,Setup.setUpStrategy
FNDA:0,Setup.setUpStrategy
DA:338,19
DA:339,19
BRDA:339,21,0,19
BRDA:339,21,1,-
DA:341,19
DA:342,19
DA:349,19
DA:352,0
DA:353,0
DA:360,0
DA:363,19
DA:364,19
DA:367,19
DA:368,19
DA:370,19
DA:373,0
FN:373,Setup.setUpTradeFactory
FNDA:0,Setup.setUpTradeFactory
DA:374,19
DA:375,19
DA:379,19
DA:380,19
DA:383,19
DA:386,19
DA:387,19
DA:393,19
DA:394,19
DA:395,19
DA:396,19
DA:398,19
BRDA:398,22,0,19
DA:399,19
DA:405,0
BRDA:405,23,0,-
DA:407,0
DA:412,19
DA:415,0
FN:415,Setup.setUpProxy
FNDA:0,Setup.setUpProxy
DA:434,0
DA:435,0
DA:438,0
FN:438,Setup.simulateTradeFactory
FNDA:0,Setup.simulateTradeFactory
DA:440,2
DA:441,0
BRDA:441,25,0,-
DA:443,0
DA:447,2
BRDA:447,26,0,-
DA:448,0
DA:454,0
DA:455,0
DA:460,0
DA:461,0
DA:465,2
DA:468,2
BRDA:468,27,0,1
DA:469,1
DA:474,1
DA:475,1
DA:476,1
DA:477,1
DA:481,2
DA:484,2
BRDA:484,28,0,1
DA:485,1
DA:490,1
DA:491,1
DA:492,1
DA:493,1
DA:497,2
DA:498,2
DA:499,2
DA:502,0
FN:502,Setup.depositIntoStrategy
FNDA:0,Setup.depositIntoStrategy
DA:507,1598
DA:508,1598
DA:510,1598
DA:511,1598
DA:514,0
FN:514,Setup.mintAndDepositIntoStrategy
FNDA:0,Setup.mintAndDepositIntoStrategy
DA:519,1598
DA:520,1598
DA:524,0
FN:524,Setup.checkStrategyTotals
FNDA:0,Setup.checkStrategyTotals
DA:530,0
DA:531,0
DA:534,0
DA:535,0
DA:536,0
DA:537,0
DA:538,0
DA:539,0
DA:542,0
FN:542,Setup.airdrop
FNDA:0,Setup.airdrop
DA:543,2133
DA:544,2133
DA:547,0
FN:547,Setup.setFees
FNDA:0,Setup.setFees
DA:548,266
DA:551,266
DA:552,266
DA:554,266
DA:555,266
DA:557,266
DA:558,266
DA:561,19
FN:561,Setup._setTokenAddrs
FNDA:19,Setup._setTokenAddrs
DA:562,19
DA:563,19
DA:564,19
DA:565,19
DA:566,19
DA:567,19
DA:568,19
DA:569,19
FNF:12
FNH:2
LF:214
LH:110
BRF:44
BRH:8
end_of_record
